#
# A fatal error has been detected by the Java Runtime Environment:
#
#  EXCEPTION_ACCESS_VIOLATION (0xc0000005) at pc=0x0000013b350dd6ca, pid=18148, tid=13144
#
# JRE version: OpenJDK Runtime Environment (15.0.2+7) (build 15.0.2+7-27)
# Java VM: OpenJDK 64-Bit Server VM (15.0.2+7-27, mixed mode, sharing, tiered, compressed oops, g1 gc, windows-amd64)
# Problematic frame:
# v  ~BufferBlob::I2C/C2I adapters
#
# No core dump will be written. Minidumps are not enabled by default on client versions of Windows
#
# If you would like to submit a bug report, please visit:
#   https://bugreport.java.com/bugreport/crash.jsp
#

---------------  S U M M A R Y ------------

Command Line: -javaagent:C:\Program Files\JetBrains\IntelliJ IDEA Community Edition 2020.2.1\lib\idea_rt.jar=51975:C:\Program Files\JetBrains\IntelliJ IDEA Community Edition 2020.2.1\bin -Dfile.encoding=UTF-8 org.tornadofx.MainKt

Host: Intel(R) Core(TM) i5-9300H CPU @ 2.40GHz, 8 cores, 15G,  Windows 10 , 64 bit Build 17763 (10.0.17763.1879)
Time: Thu May 20 14:06:28 2021 Russia TZ 2 Standard Time elapsed time: 190.057746 seconds (0d 0h 3m 10s)

---------------  T H R E A D  ---------------

Current thread (0x0000013b50eab240):  JavaThread "JavaFX Application Thread" [_thread_in_Java, id=13144, stack(0x0000000e96d00000,0x0000000e96e00000)]

Stack: [0x0000000e96d00000,0x0000000e96e00000],  sp=0x0000000e96dfd758,  free space=1013k
Native frames: (J=compiled Java code, j=interpreted, Vv=VM code, C=native code)
C  0x0000013b350dd6ca


siginfo: EXCEPTION_ACCESS_VIOLATION (0xc0000005), reading address 0xffffffffffffffff


Register to memory mapping:

RIP=0x0000013b350dd6ca is at code_begin+74 in an AdapterHandler
Adapter for signature: 0x0000013b350dd6ca is at code_begin+74 in 
[CodeBlob (0x0000013b350dd610)]
Framesize: 0
BufferBlob (0x0000013b350dd610) used for I2C/C2I adapters
RAX=0x0000013b5171abb0 points into unknown readable memory: 0xfff8000000000000 | 00 00 00 00 00 00 f8 ff
RBX=0xfff8000000000000 is an unknown value
RCX=0x0 is NULL
RDX=0x0000000702ab8360 is an oop: java.lang.ref.WeakReference 
{0x0000000702ab8360} - klass: 'java/lang/ref/WeakReference'
RSP=0x0000000e96dfd758 is pointing into the stack for thread: 0x0000013b50eab240
RBP=0x0000000e96dfd928 is pointing into the stack for thread: 0x0000013b50eab240
RSI=0x0000000702ab8360 is an oop: java.lang.ref.WeakReference 
{0x0000000702ab8360} - klass: 'java/lang/ref/WeakReference'
RDI=0x000000080004b708 is a pointer to class: 
java.lang.ref.WeakReference {0x000000080004b710}
R8 =0x0000000702ab82f8 is an oop: javafx.beans.property.ReadOnlyBooleanWrapper$ReadOnlyPropertyImpl 
{0x0000000702ab82f8} - klass: 'javafx/beans/property/ReadOnlyBooleanWrapper$ReadOnlyPropertyImpl'
R9 =0x0000000702ab8350 is an oop: javafx.beans.WeakInvalidationListener 
{0x0000000702ab8350} - klass: 'javafx/beans/WeakInvalidationListener'
R10=0x0000000800000000 is pointing into metadata
R11=0x0000000800000000 is pointing into metadata
R12=0x0 is NULL
R13=0x0000013b7bc96530 is pointing into metadata
R14=0x0000000e96dfd888 is pointing into the stack for thread: 0x0000013b50eab240
R15=0x0000013b50eab240 is a thread


Registers:
RAX=0x0000013b5171abb0, RBX=0xfff8000000000000, RCX=0x0000000000000000, RDX=0x0000000702ab8360
RSP=0x0000000e96dfd758, RBP=0x0000000e96dfd928, RSI=0x0000000702ab8360, RDI=0x000000080004b708
R8 =0x0000000702ab82f8, R9 =0x0000000702ab8350, R10=0x0000000800000000, R11=0x0000000800000000
R12=0x0000000000000000, R13=0x0000013b7bc96530, R14=0x0000000e96dfd888, R15=0x0000013b50eab240
RIP=0x0000013b350dd6ca, EFLAGS=0x0000000000010246

Top of Stack: (sp=0x0000000e96dfd758)
0x0000000e96dfd758:   0000013b35928e7c 0000013b5ad36f30
0x0000000e96dfd768:   0000000000000000 00000007024a27e0
0x0000000e96dfd778:   0000013b5ad36cb0 0000000702ab82f8
0x0000000e96dfd788:   0000000702ab8350 0000000e96dfd800
0x0000000e96dfd798:   0000013b3509a1aa 0000000e96dfd928
0x0000000e96dfd7a8:   0000013b3611980c 0000000702404770
0x0000000e96dfd7b8:   0000000e96dfd7b8 0000013b50c6e40e
0x0000000e96dfd7c8:   0000000e96dfd818 0000013b50c6eda8
0x0000000e96dfd7d8:   0000000100000000 0000000702ab8310
0x0000000e96dfd7e8:   0000000702ab8338 0000000000000002
0x0000000e96dfd7f8:   0000000702ab8390 0000000e96dfd868
0x0000000e96dfd808:   0000013b35099950 0000013b35099950
0x0000000e96dfd818:   0000000702ab8420 0000000e96dfd820
0x0000000e96dfd828:   0000013b50c333d7 0000000e96dfd928
0x0000000e96dfd838:   0000013b35c1725c 0000000000000000
0x0000000e96dfd848:   000000070203a950 0000013b50c33438 

Instructions: (pc=0x0000013b350dd6ca)
0x0000013b350dd5ca:   00 00 00 00 00 00 00 00 00 00 00 00 00 00 00 00
0x0000013b350dd5da:   00 00 00 00 00 00 00 00 00 00 00 00 00 00 00 00
0x0000013b350dd5ea:   00 00 00 00 00 00 00 00 00 00 00 00 00 00 00 00
0x0000013b350dd5fa:   00 00 00 00 00 00 06 00 00 00 00 00 00 00 01 00
0x0000013b350dd60a:   00 00 00 00 00 00 30 d7 2b 89 f9 7f 00 00 00 00
0x0000013b350dd61a:   00 00 28 02 00 00 68 00 00 00 ff ff ff ff 28 02
0x0000013b350dd62a:   00 00 00 00 00 00 80 d6 0d 35 3b 01 00 00 38 d8
0x0000013b350dd63a:   0d 35 3b 01 00 00 80 d6 0d 35 3b 01 00 00 38 d8
0x0000013b350dd64a:   0d 35 3b 01 00 00 78 d6 0d 35 3b 01 00 00 80 d6
0x0000013b350dd65a:   0d 35 3b 01 00 00 00 00 00 00 00 00 00 00 00 00
0x0000013b350dd66a:   00 00 00 00 00 00 60 df 2b 89 f9 7f 00 00 45 64
0x0000013b350dd67a:   13 64 3d 64 8d 60 48 8b 04 24 4c 8b dc 48 83 e4
0x0000013b350dd68a:   f0 50 49 8b c3 4c 8b 5b 38 48 8b 50 08 49 89 9f
0x0000013b350dd69a:   58 03 00 00 48 8b c3 41 ff e3 8b 5a 08 48 c1 e3
0x0000013b350dd6aa:   03 49 ba 00 00 00 00 08 00 00 00 49 03 da 48 3b
0x0000013b350dd6ba:   58 08 48 8b 18 0f 84 05 00 00 00 e9 36 ed ff ff
0x0000013b350dd6ca:   48 81 7b 40 00 00 00 00 0f 84 43 01 00 00 e9 23
0x0000013b350dd6da:   ed ff ff 44 8b 53 20 41 f7 c2 08 00 00 00 0f 84
0x0000013b350dd6ea:   2c 00 00 00 4c 8b 53 08 4d 8b 52 08 4d 8b 52 18
0x0000013b350dd6fa:   41 80 ba 33 01 00 00 04 0f 84 12 00 00 00 4d 3b
0x0000013b350dd70a:   ba 38 01 00 00 0f 84 05 00 00 00 e9 66 ad fb ff
0x0000013b350dd71a:   48 81 7b 40 00 00 00 00 0f 84 f3 00 00 00 4c 8b
0x0000013b350dd72a:   ec 48 8b 04 24 48 83 e4 f0 9c 48 83 ec 08 48 81
0x0000013b350dd73a:   ec 80 00 00 00 48 89 44 24 78 48 89 4c 24 70 48
0x0000013b350dd74a:   89 54 24 68 48 89 5c 24 60 48 89 6c 24 50 48 89
0x0000013b350dd75a:   74 24 48 48 89 7c 24 40 4c 89 44 24 38 4c 89 4c
0x0000013b350dd76a:   24 30 4c 89 54 24 28 4c 89 5c 24 20 4c 89 64 24
0x0000013b350dd77a:   18 4c 89 6c 24 10 4c 89 74 24 08 4c 89 3c 24 48
0x0000013b350dd78a:   81 ec 80 0a 00 00 48 0f ae 04 24 c5 f8 77 48 83
0x0000013b350dd79a:   ec 20 48 8b cb 48 8b d0 49 ba a0 17 0e 89 f9 7f
0x0000013b350dd7aa:   00 00 41 ff d2 48 83 c4 20 c5 f8 77 48 0f ae 0c
0x0000013b350dd7ba:   24 48 81 c4 80 0a 00 00 4c 8b 3c 24 4c 8b 74 24 


Stack slot to memory mapping:
stack at sp + 0 slots: 0x0000013b35928e7c is at entry_point+284 in (nmethod*)0x0000013b35928b90
stack at sp + 1 slots: 0x0000013b5ad36f30 is pointing into metadata
stack at sp + 2 slots: 0x0 is NULL
stack at sp + 3 slots: 0x00000007024a27e0 is an oop: java.lang.Class 
{0x00000007024a27e0} - klass: 'java/lang/Class'
stack at sp + 4 slots: {method} {0x0000013b5ad36cb8} 'visibleChangedImpl' '(Ljavafx/stage/Window;Z)V' in 'com/sun/javafx/stage/PopupWindowHelper'
stack at sp + 5 slots: 0x0000000702ab82f8 is an oop: javafx.beans.property.ReadOnlyBooleanWrapper$ReadOnlyPropertyImpl 
{0x0000000702ab82f8} - klass: 'javafx/beans/property/ReadOnlyBooleanWrapper$ReadOnlyPropertyImpl'
stack at sp + 6 slots: 0x0000000702ab8350 is an oop: javafx.beans.WeakInvalidationListener 
{0x0000000702ab8350} - klass: 'javafx/beans/WeakInvalidationListener'
stack at sp + 7 slots: 0x0000000e96dfd800 is pointing into the stack for thread: 0x0000013b50eab240

--------------------------------------------------------------------------------
Decoding CodeBlob, name: I2C/C2I adapters, at  [0x0000013b350dd680, 0x0000013b350dd838]  440 bytes
[MachCode]
  0x0000013b350dd680: 488b 0424 | 4c8b dc48 | 83e4 f050 | 498b c34c | 8b5b 3848 | 8b50 0849 | 899f 5803 | 0000 488b 
  0x0000013b350dd6a0: c341 ffe3 | 8b5a 0848 | c1e3 0349 | ba00 0000 | 0008 0000 | 0049 03da | 483b 5808 | 488b 180f 
  0x0000013b350dd6c0: 8405 0000 | 00e9 36ed | ffff 4881 | 7b40 0000 | 0000 0f84 | 4301 0000 | e923 edff | ff44 8b53 
  0x0000013b350dd6e0: 2041 f7c2 | 0800 0000 | 0f84 2c00 | 0000 4c8b | 5308 4d8b | 5208 4d8b | 5218 4180 | ba33 0100 
  0x0000013b350dd700: 0004 0f84 | 1200 0000 | 4d3b ba38 | 0100 000f | 8405 0000 | 00e9 66ad | fbff 4881 | 7b40 0000 
  0x0000013b350dd720: 0000 0f84 | f300 0000 | 4c8b ec48 | 8b04 2448 | 83e4 f09c | 4883 ec08 | 4881 ec80 | 0000 0048 
  0x0000013b350dd740: 8944 2478 | 4889 4c24 | 7048 8954 | 2468 4889 | 5c24 6048 | 896c 2450 | 4889 7424 | 4848 897c 
  0x0000013b350dd760: 2440 4c89 | 4424 384c | 894c 2430 | 4c89 5424 | 284c 895c | 2420 4c89 | 6424 184c | 896c 2410 
  0x0000013b350dd780: 4c89 7424 | 084c 893c | 2448 81ec | 800a 0000 | 480f ae04 | 24c5 f877 | 4883 ec20 | 488b cb48 
  0x0000013b350dd7a0: 8bd0 49ba | a017 0e89 | f97f 0000 | 41ff d248 | 83c4 20c5 | f877 480f | ae0c 2448 | 81c4 800a 
  0x0000013b350dd7c0: 0000 4c8b | 3c24 4c8b | 7424 084c | 8b6c 2410 | 4c8b 6424 | 184c 8b5c | 2420 4c8b | 5424 284c 
  0x0000013b350dd7e0: 8b4c 2430 | 4c8b 4424 | 3848 8b7c | 2440 488b | 7424 4848 | 8b6c 2450 | 488b 5c24 | 6048 8b54 
  0x0000013b350dd800: 2468 488b | 4c24 7048 | 8b44 2478 | 4881 c480 | 0000 0048 | 83c4 089d | 498b e558 | 4c8b ec48 
  0x0000013b350dd820: 83ec 1048 | 8904 2448 | 8954 2408 | 488b 4b30 | ffe1 f4f4 | f4f4 f4f4 
[/MachCode]
--------------------------------------------------------------------------------


---------------  P R O C E S S  ---------------

Threads class SMR info:
_java_thread_list=0x0000013b5a238e60, length=20, elements={
0x0000013b2ce6fdb0, 0x0000013b50d6cfe0, 0x0000013b50d6dc80, 0x0000013b50d88de0,
0x0000013b50d8b7b0, 0x0000013b50d8de30, 0x0000013b50d96cb0, 0x0000013b50d97850,
0x0000013b50e00d50, 0x0000013b50eaa8a0, 0x0000013b50eabbe0, 0x0000013b50eaa3d0,
0x0000013b50eaad70, 0x0000013b50eac0b0, 0x0000013b50ea9a30, 0x0000013b50eab240,
0x0000013b50ea9090, 0x0000013b50eaca50, 0x0000013b50eab710, 0x0000013b588a7a30
}

Java Threads: ( => current thread )
  0x0000013b2ce6fdb0 JavaThread "main" [_thread_blocked, id=1932, stack(0x0000000e95600000,0x0000000e95700000)]
  0x0000013b50d6cfe0 JavaThread "Reference Handler" daemon [_thread_blocked, id=17896, stack(0x0000000e95d00000,0x0000000e95e00000)]
  0x0000013b50d6dc80 JavaThread "Finalizer" daemon [_thread_blocked, id=18916, stack(0x0000000e95e00000,0x0000000e95f00000)]
  0x0000013b50d88de0 JavaThread "Signal Dispatcher" daemon [_thread_blocked, id=7724, stack(0x0000000e95f00000,0x0000000e96000000)]
  0x0000013b50d8b7b0 JavaThread "Attach Listener" daemon [_thread_blocked, id=15636, stack(0x0000000e96000000,0x0000000e96100000)]
  0x0000013b50d8de30 JavaThread "Service Thread" daemon [_thread_blocked, id=3996, stack(0x0000000e96100000,0x0000000e96200000)]
  0x0000013b50d96cb0 JavaThread "C2 CompilerThread0" daemon [_thread_blocked, id=17828, stack(0x0000000e96200000,0x0000000e96300000)]
  0x0000013b50d97850 JavaThread "C1 CompilerThread0" daemon [_thread_blocked, id=7992, stack(0x0000000e96300000,0x0000000e96400000)]
  0x0000013b50e00d50 JavaThread "Sweeper thread" daemon [_thread_blocked, id=9504, stack(0x0000000e96400000,0x0000000e96500000)]
  0x0000013b50eaa8a0 JavaThread "Common-Cleaner" daemon [_thread_blocked, id=17700, stack(0x0000000e96500000,0x0000000e96600000)]
  0x0000013b50eabbe0 JavaThread "Monitor Ctrl-Break" daemon [_thread_in_native, id=5412, stack(0x0000000e96700000,0x0000000e96800000)]
  0x0000013b50eaa3d0 JavaThread "Notification Thread" daemon [_thread_blocked, id=4032, stack(0x0000000e96800000,0x0000000e96900000)]
  0x0000013b50eaad70 JavaThread "JavaFX-Launcher" [_thread_blocked, id=17404, stack(0x0000000e96a00000,0x0000000e96b00000)]
  0x0000013b50eac0b0 JavaThread "QuantumRenderer-0" daemon [_thread_blocked, id=13280, stack(0x0000000e96b00000,0x0000000e96c00000)]
  0x0000013b50ea9a30 JavaThread "InvokeLaterDispatcher" daemon [_thread_blocked, id=7596, stack(0x0000000e96c00000,0x0000000e96d00000)]
=>0x0000013b50eab240 JavaThread "JavaFX Application Thread" [_thread_in_Java, id=13144, stack(0x0000000e96d00000,0x0000000e96e00000)]
  0x0000013b50ea9090 JavaThread "Thread-2" daemon [_thread_in_native, id=2184, stack(0x0000000e97100000,0x0000000e97200000)]
  0x0000013b50eaca50 JavaThread "Prism Font Disposer" daemon [_thread_blocked, id=15280, stack(0x0000000e97b00000,0x0000000e97c00000)]
  0x0000013b50eab710 JavaThread "Cleaner-0" daemon [_thread_blocked, id=15652, stack(0x0000000e97700000,0x0000000e97800000)]
  0x0000013b588a7a30 JavaThread "JavaCPP Deallocator" daemon [_thread_blocked, id=6108, stack(0x0000000e97d00000,0x0000000e97e00000)]

Other Threads:
  0x0000013b5055e960 VMThread "VM Thread" [stack: 0x0000000e95c00000,0x0000000e95d00000] [id=11556]
  0x0000013b2ce70ee0 WatcherThread [stack: 0x0000000e96900000,0x0000000e96a00000] [id=18936]
  0x0000013b2cec1140 GCTaskThread "GC Thread#0" [stack: 0x0000000e95700000,0x0000000e95800000] [id=9584]
  0x0000013b514cbfe0 GCTaskThread "GC Thread#1" [stack: 0x0000000e97200000,0x0000000e97300000] [id=6572]
  0x0000013b514cd300 GCTaskThread "GC Thread#2" [stack: 0x0000000e97300000,0x0000000e97400000] [id=11804]
  0x0000013b514ccca0 GCTaskThread "GC Thread#3" [stack: 0x0000000e97400000,0x0000000e97500000] [id=3508]
  0x0000013b514cd630 GCTaskThread "GC Thread#4" [stack: 0x0000000e97500000,0x0000000e97600000] [id=15340]
  0x0000013b514cb980 GCTaskThread "GC Thread#5" [stack: 0x0000000e97600000,0x0000000e97700000] [id=11340]
  0x0000013b2ced3230 ConcurrentGCThread "G1 Main Marker" [stack: 0x0000000e95800000,0x0000000e95900000] [id=13024]
  0x0000013b2ced49e0 ConcurrentGCThread "G1 Conc#0" [stack: 0x0000000e95900000,0x0000000e95a00000] [id=12576]
  0x0000013b517d2120 ConcurrentGCThread "G1 Conc#1" [stack: 0x0000000e97c00000,0x0000000e97d00000] [id=10916]
  0x0000013b503e40e0 ConcurrentGCThread "G1 Refine#0" [stack: 0x0000000e95a00000,0x0000000e95b00000] [id=9432]
  0x0000013b2cf2a7f0 ConcurrentGCThread "G1 Young RemSet Sampling" [stack: 0x0000000e95b00000,0x0000000e95c00000] [id=9068]

Threads with active compile tasks:

VM state: not at safepoint (normal execution)

VM Mutex/Monitor currently owned by a thread: None

Heap address: 0x0000000701c00000, size: 4068 MB, Compressed Oops mode: Zero based, Oop shift amount: 3
CDS archive(s) mapped at: [0x0000000800000000-0x0000000800b50000-0x0000000800b50000), size 11862016, SharedBaseAddress: 0x0000000800000000, ArchiveRelocationMode: 0.
Compressed class space mapped at: 0x0000000800b50000-0x0000000840b50000, size: 1073741824
Narrow klass base: 0x0000000800000000, Narrow klass shift: 3, Narrow klass range: 0x100000000

GC Precious Log:
 CPUs: 8 total, 8 available
 Memory: 16264M
 Large Page Support: Disabled
 NUMA Support: Disabled
 Compressed Oops: Enabled (Zero based)
 Heap Region Size: 2M
 Heap Min Capacity: 8M
 Heap Initial Capacity: 256M
 Heap Max Capacity: 4068M
 Pre-touch: Disabled
 Parallel Workers: 8
 Concurrent Workers: 2
 Concurrent Refinement Workers: 8
 Periodic GC: Disabled

Heap:
 garbage-first heap   total 55296K, used 26088K [0x0000000701c00000, 0x0000000800000000)
  region size 2048K, 9 young (18432K), 1 survivors (2048K)
 Metaspace       used 25932K, capacity 26206K, committed 26368K, reserved 1073152K
  class space    used 2464K, capacity 2531K, committed 2560K, reserved 1048576K

Heap Regions: E=young(eden), S=young(survivor), O=old, HS=humongous(starts), HC=humongous(continues), CS=collection set, F=free, OA=open archive, CA=closed archive, TAMS=top-at-mark-start (previous, next)
|   0|0x0000000701c00000, 0x0000000701e00000, 0x0000000701e00000|100%| O|  |TAMS 0x0000000701e00000, 0x0000000701c00000| Untracked 
|   1|0x0000000701e00000, 0x0000000702000000, 0x0000000702000000|100%| O|  |TAMS 0x0000000702000000, 0x0000000701e00000| Untracked 
|   2|0x0000000702000000, 0x00000007020b2e00, 0x0000000702200000| 34%| O|  |TAMS 0x00000007020b2e00, 0x0000000702000000| Untracked 
|   3|0x0000000702200000, 0x0000000702400000, 0x0000000702400000|100%|HS|  |TAMS 0x0000000702400000, 0x0000000702200000| Complete 
|   4|0x0000000702400000, 0x0000000702600000, 0x0000000702600000|100%| O|  |TAMS 0x0000000702400000, 0x0000000702400000| Untracked 
|   5|0x0000000702600000, 0x0000000702600000, 0x0000000702800000|  0%| F|  |TAMS 0x0000000702600000, 0x0000000702600000| Untracked 
|   6|0x0000000702800000, 0x0000000702800000, 0x0000000702a00000|  0%| F|  |TAMS 0x0000000702800000, 0x0000000702800000| Untracked 
|   7|0x0000000702a00000, 0x0000000702bca400, 0x0000000702c00000| 89%| O|  |TAMS 0x0000000702a00000, 0x0000000702a00000| Untracked 
|   8|0x0000000702c00000, 0x0000000702c00000, 0x0000000702e00000|  0%| F|  |TAMS 0x0000000702c00000, 0x0000000702c00000| Untracked 
|   9|0x0000000702e00000, 0x0000000702e00000, 0x0000000703000000|  0%| F|  |TAMS 0x0000000702e00000, 0x0000000702e00000| Untracked 
|  10|0x0000000703000000, 0x0000000703000000, 0x0000000703200000|  0%| F|  |TAMS 0x0000000703000000, 0x0000000703000000| Untracked 
|  11|0x0000000703200000, 0x00000007032fd0f0, 0x0000000703400000| 49%| S|CS|TAMS 0x0000000703200000, 0x0000000703200000| Complete 
|  12|0x0000000703400000, 0x0000000703400000, 0x0000000703600000|  0%| F|  |TAMS 0x0000000703400000, 0x0000000703400000| Untracked 
|  13|0x0000000703600000, 0x0000000703600000, 0x0000000703800000|  0%| F|  |TAMS 0x0000000703600000, 0x0000000703600000| Untracked 
|  14|0x0000000703800000, 0x0000000703800000, 0x0000000703a00000|  0%| F|  |TAMS 0x0000000703800000, 0x0000000703800000| Untracked 
|  15|0x0000000703a00000, 0x0000000703a00000, 0x0000000703c00000|  0%| F|  |TAMS 0x0000000703a00000, 0x0000000703a00000| Untracked 
|  16|0x0000000703c00000, 0x0000000703c00000, 0x0000000703e00000|  0%| F|  |TAMS 0x0000000703c00000, 0x0000000703c00000| Untracked 
|  17|0x0000000703e00000, 0x0000000703e00000, 0x0000000704000000|  0%| F|  |TAMS 0x0000000703e00000, 0x0000000703e00000| Untracked 
|  18|0x0000000704000000, 0x0000000704000000, 0x0000000704200000|  0%| F|  |TAMS 0x0000000704000000, 0x0000000704000000| Untracked 
|  19|0x0000000704200000, 0x0000000704400000, 0x0000000704400000|100%| E|  |TAMS 0x0000000704200000, 0x0000000704200000| Complete 
|  20|0x0000000704400000, 0x0000000704600000, 0x0000000704600000|100%| E|CS|TAMS 0x0000000704400000, 0x0000000704400000| Complete 
|  21|0x0000000704600000, 0x0000000704800000, 0x0000000704800000|100%| E|CS|TAMS 0x0000000704600000, 0x0000000704600000| Complete 
|  22|0x0000000704800000, 0x0000000704a00000, 0x0000000704a00000|100%| E|CS|TAMS 0x0000000704800000, 0x0000000704800000| Complete 
|  23|0x0000000704a00000, 0x0000000704c00000, 0x0000000704c00000|100%| E|CS|TAMS 0x0000000704a00000, 0x0000000704a00000| Complete 
|  24|0x0000000704c00000, 0x0000000704e00000, 0x0000000704e00000|100%| E|CS|TAMS 0x0000000704c00000, 0x0000000704c00000| Complete 
| 110|0x000000070f800000, 0x000000070fa00000, 0x000000070fa00000|100%| E|CS|TAMS 0x000000070f800000, 0x000000070f800000| Complete 
| 111|0x000000070fa00000, 0x000000070fc00000, 0x000000070fc00000|100%| E|CS|TAMS 0x000000070fa00000, 0x000000070fa00000| Complete 

Card table byte_map: [0x0000013b44bc0000,0x0000013b453c0000] _byte_map_base: 0x0000013b413b2000

Marking Bits (Prev, Next): (CMBitMap*) 0x0000013b2cec19b0, (CMBitMap*) 0x0000013b2cec19f0
 Prev Bits: [0x0000013b45bc0000, 0x0000013b49b50000)
 Next Bits: [0x0000013b49b50000, 0x0000013b4dae0000)

Polling page: 0x0000013b2ad50000

Metaspace:

Usage:
  Non-class:     23.12 MB capacity,    22.92 MB (>99%) used,   175.06 KB ( <1%) free+waste,    31.81 KB ( <1%) overhead. 
      Class:      2.47 MB capacity,     2.41 MB ( 97%) used,    57.06 KB (  2%) free+waste,     9.88 KB ( <1%) overhead. 
       Both:     25.59 MB capacity,    25.32 MB ( 99%) used,   232.13 KB ( <1%) free+waste,    41.69 KB ( <1%) overhead. 

Virtual space:
  Non-class space:       24.00 MB reserved,      23.25 MB ( 97%) committed 
      Class space:        1.00 GB reserved,       2.50 MB ( <1%) committed 
             Both:        1.02 GB reserved,      25.75 MB (  2%) committed 

Chunk freelists:
   Non-Class:  69.00 KB
       Class:  29.00 KB
        Both:  98.00 KB

MaxMetaspaceSize: 17179869184.00 GB
CompressedClassSpaceSize: 1.00 GB

CodeHeap 'non-profiled nmethods': size=120000Kb used=3821Kb max_used=3821Kb free=116178Kb
 bounds [0x0000013b3cb60000, 0x0000013b3cf20000, 0x0000013b44090000]
CodeHeap 'profiled nmethods': size=120000Kb used=10140Kb max_used=11798Kb free=109859Kb
 bounds [0x0000013b35630000, 0x0000013b361e0000, 0x0000013b3cb60000]
CodeHeap 'non-nmethods': size=5760Kb used=1914Kb max_used=2014Kb free=3845Kb
 bounds [0x0000013b35090000, 0x0000013b35300000, 0x0000013b35630000]
 total_blobs=6767 nmethods=5442 adapters=1236
 compilation: enabled
              stopped_count=0, restarted_count=0
 full_count=0

Compilation events (20 events):
Event: 190.043 Thread 0x0000013b50d97850 nmethod 6364 0x0000013b3cf1aa90 code [0x0000013b3cf1ac20, 0x0000013b3cf1acd8]
Event: 190.043 Thread 0x0000013b50d97850 6365       3       com.sun.glass.ui.Window::getNativeHandle (24 bytes)
Event: 190.043 Thread 0x0000013b50d97850 nmethod 6365 0x0000013b359c7c10 code [0x0000013b359c7de0, 0x0000013b359c81b8]
Event: 190.047 Thread 0x0000013b50d97850 6366       3       javafx.stage.Window::access$1300 (4 bytes)
Event: 190.047 Thread 0x0000013b50d97850 nmethod 6366 0x0000013b35657590 code [0x0000013b35657720, 0x0000013b35657818]
Event: 190.047 Thread 0x0000013b50d97850 6367       3       javafx.collections.transformation.FilteredList::getPredicateImpl (16 bytes)
Event: 190.047 Thread 0x0000013b50d97850 nmethod 6367 0x0000013b35a3ff10 code [0x0000013b35a40100, 0x0000013b35a407b8]
Event: 190.047 Thread 0x0000013b50d97850 6368       3       javafx.collections.transformation.FilteredList::ensureSize (39 bytes)
Event: 190.047 Thread 0x0000013b50d97850 nmethod 6368 0x0000013b359e8810 code [0x0000013b359e89c0, 0x0000013b359e8d08]
Event: 190.047 Thread 0x0000013b50d97850 6369       3       com.sun.javafx.tk.quantum.WindowStage::setScene (90 bytes)
Event: 190.048 Thread 0x0000013b50d96cb0 6372       4       com.sun.javafx.geometry.BoundsUtils::min4 (16 bytes)
Event: 190.048 Thread 0x0000013b50d96cb0 nmethod 6372 0x0000013b3cf1ad90 code [0x0000013b3cf1af00, 0x0000013b3cf1af98]
Event: 190.049 Thread 0x0000013b50d97850 nmethod 6369 0x0000013b36047a90 code [0x0000013b36047f20, 0x0000013b3604aa98]
Event: 190.049 Thread 0x0000013b50d97850 6371       3       javafx.css.converter.EffectConverter$InnerShadowConverter::convert (7 bytes)
Event: 190.049 Thread 0x0000013b50d97850 nmethod 6371 0x0000013b359e8490 code [0x0000013b359e8640, 0x0000013b359e8768]
Event: 190.049 Thread 0x0000013b50d97850 6370       1       com.sun.glass.ui.win.WinApplication::shouldUpdateWindow (2 bytes)
Event: 190.049 Thread 0x0000013b50d97850 nmethod 6370 0x0000013b3cf1b090 code [0x0000013b3cf1b220, 0x0000013b3cf1b2d8]
Event: 190.049 Thread 0x0000013b50d97850 6373       1       javafx.stage.Window::access$1100 (5 bytes)
Event: 190.049 Thread 0x0000013b50d97850 nmethod 6373 0x0000013b3cf1b390 code [0x0000013b3cf1b520, 0x0000013b3cf1b5b8]
Event: 190.049 Thread 0x0000013b50d97850 6374       3       com.sun.javafx.tk.quantum.GlassStage::setVisible (68 bytes)

GC Heap History (20 events):
Event: 1.497 GC heap before
{Heap before GC invocations=1 (full 0):
 garbage-first heap   total 262144K, used 27374K [0x0000000701c00000, 0x0000000800000000)
  region size 2048K, 14 young (28672K), 2 survivors (4096K)
 Metaspace       used 14301K, capacity 15699K, committed 15872K, reserved 1062912K
  class space    used 1853K, capacity 1988K, committed 2048K, reserved 1048576K
}
Event: 1.501 GC heap after
{Heap after GC invocations=2 (full 0):
 garbage-first heap   total 262144K, used 7641K [0x0000000701c00000, 0x0000000800000000)
  region size 2048K, 2 young (4096K), 2 survivors (4096K)
 Metaspace       used 14301K, capacity 15699K, committed 15872K, reserved 1062912K
  class space    used 1853K, capacity 1988K, committed 2048K, reserved 1048576K
}
Event: 9.658 GC heap before
{Heap before GC invocations=2 (full 0):
 garbage-first heap   total 262144K, used 40409K [0x0000000701c00000, 0x0000000800000000)
  region size 2048K, 16 young (32768K), 2 survivors (4096K)
 Metaspace       used 20628K, capacity 21080K, committed 21248K, reserved 1069056K
  class space    used 2409K, capacity 2496K, committed 2560K, reserved 1048576K
}
Event: 9.661 GC heap after
{Heap after GC invocations=3 (full 0):
 garbage-first heap   total 262144K, used 15051K [0x0000000701c00000, 0x0000000800000000)
  region size 2048K, 2 young (4096K), 2 survivors (4096K)
 Metaspace       used 20628K, capacity 21080K, committed 21248K, reserved 1069056K
  class space    used 2409K, capacity 2496K, committed 2560K, reserved 1048576K
}
Event: 27.182 GC heap before
{Heap before GC invocations=4 (full 0):
 garbage-first heap   total 55296K, used 43723K [0x0000000701c00000, 0x0000000800000000)
  region size 2048K, 16 young (32768K), 2 survivors (4096K)
 Metaspace       used 24827K, capacity 25110K, committed 25344K, reserved 1073152K
  class space    used 2462K, capacity 2531K, committed 2560K, reserved 1048576K
}
Event: 27.185 GC heap after
{Heap after GC invocations=5 (full 0):
 garbage-first heap   total 55296K, used 11764K [0x0000000701c00000, 0x0000000800000000)
  region size 2048K, 2 young (4096K), 2 survivors (4096K)
 Metaspace       used 24827K, capacity 25110K, committed 25344K, reserved 1073152K
  class space    used 2462K, capacity 2531K, committed 2560K, reserved 1048576K
}
Event: 39.450 GC heap before
{Heap before GC invocations=6 (full 0):
 garbage-first heap   total 55296K, used 34292K [0x0000000701c00000, 0x0000000800000000)
  region size 2048K, 13 young (26624K), 2 survivors (4096K)
 Metaspace       used 25208K, capacity 25430K, committed 25600K, reserved 1073152K
  class space    used 2463K, capacity 2531K, committed 2560K, reserved 1048576K
}
Event: 39.452 GC heap after
{Heap after GC invocations=7 (full 0):
 garbage-first heap   total 55296K, used 12256K [0x0000000701c00000, 0x0000000800000000)
  region size 2048K, 2 young (4096K), 2 survivors (4096K)
 Metaspace       used 25208K, capacity 25430K, committed 25600K, reserved 1073152K
  class space    used 2463K, capacity 2531K, committed 2560K, reserved 1048576K
}
Event: 61.101 GC heap before
{Heap before GC invocations=7 (full 0):
 garbage-first heap   total 55296K, used 36832K [0x0000000701c00000, 0x0000000800000000)
  region size 2048K, 14 young (28672K), 2 survivors (4096K)
 Metaspace       used 25369K, capacity 25627K, committed 25856K, reserved 1073152K
  class space    used 2464K, capacity 2531K, committed 2560K, reserved 1048576K
}
Event: 61.104 GC heap after
{Heap after GC invocations=8 (full 0):
 garbage-first heap   total 55296K, used 11832K [0x0000000701c00000, 0x0000000800000000)
  region size 2048K, 1 young (2048K), 1 survivors (2048K)
 Metaspace       used 25369K, capacity 25627K, committed 25856K, reserved 1073152K
  class space    used 2464K, capacity 2531K, committed 2560K, reserved 1048576K
}
Event: 109.124 GC heap before
{Heap before GC invocations=8 (full 0):
 garbage-first heap   total 55296K, used 40504K [0x0000000701c00000, 0x0000000800000000)
  region size 2048K, 15 young (30720K), 1 survivors (2048K)
 Metaspace       used 25484K, capacity 25755K, committed 25856K, reserved 1073152K
  class space    used 2464K, capacity 2531K, committed 2560K, reserved 1048576K
}
Event: 109.125 GC heap after
{Heap after GC invocations=9 (full 0):
 garbage-first heap   total 55296K, used 11518K [0x0000000701c00000, 0x0000000800000000)
  region size 2048K, 1 young (2048K), 1 survivors (2048K)
 Metaspace       used 25484K, capacity 25755K, committed 25856K, reserved 1073152K
  class space    used 2464K, capacity 2531K, committed 2560K, reserved 1048576K
}
Event: 121.893 GC heap before
{Heap before GC invocations=9 (full 0):
 garbage-first heap   total 55296K, used 40190K [0x0000000701c00000, 0x0000000800000000)
  region size 2048K, 15 young (30720K), 1 survivors (2048K)
 Metaspace       used 25623K, capacity 25885K, committed 26112K, reserved 1073152K
  class space    used 2464K, capacity 2531K, committed 2560K, reserved 1048576K
}
Event: 121.894 GC heap after
{Heap after GC invocations=10 (full 0):
 garbage-first heap   total 55296K, used 11946K [0x0000000701c00000, 0x0000000800000000)
  region size 2048K, 1 young (2048K), 1 survivors (2048K)
 Metaspace       used 25623K, capacity 25885K, committed 26112K, reserved 1073152K
  class space    used 2464K, capacity 2531K, committed 2560K, reserved 1048576K
}
Event: 137.837 GC heap before
{Heap before GC invocations=10 (full 0):
 garbage-first heap   total 55296K, used 40618K [0x0000000701c00000, 0x0000000800000000)
  region size 2048K, 15 young (30720K), 1 survivors (2048K)
 Metaspace       used 25691K, capacity 25949K, committed 26112K, reserved 1073152K
  class space    used 2464K, capacity 2531K, committed 2560K, reserved 1048576K
}
Event: 137.838 GC heap after
{Heap after GC invocations=11 (full 0):
 garbage-first heap   total 55296K, used 11390K [0x0000000701c00000, 0x0000000800000000)
  region size 2048K, 1 young (2048K), 1 survivors (2048K)
 Metaspace       used 25691K, capacity 25949K, committed 26112K, reserved 1073152K
  class space    used 2464K, capacity 2531K, committed 2560K, reserved 1048576K
}
Event: 154.206 GC heap before
{Heap before GC invocations=11 (full 0):
 garbage-first heap   total 55296K, used 42110K [0x0000000701c00000, 0x0000000800000000)
  region size 2048K, 16 young (32768K), 1 survivors (2048K)
 Metaspace       used 25820K, capacity 26077K, committed 26368K, reserved 1073152K
  class space    used 2464K, capacity 2531K, committed 2560K, reserved 1048576K
}
Event: 154.207 GC heap after
{Heap after GC invocations=12 (full 0):
 garbage-first heap   total 55296K, used 11421K [0x0000000701c00000, 0x0000000800000000)
  region size 2048K, 1 young (2048K), 1 survivors (2048K)
 Metaspace       used 25820K, capacity 26077K, committed 26368K, reserved 1073152K
  class space    used 2464K, capacity 2531K, committed 2560K, reserved 1048576K
}
Event: 186.675 GC heap before
{Heap before GC invocations=12 (full 0):
 garbage-first heap   total 55296K, used 42141K [0x0000000701c00000, 0x0000000800000000)
  region size 2048K, 16 young (32768K), 1 survivors (2048K)
 Metaspace       used 25890K, capacity 26141K, committed 26368K, reserved 1073152K
  class space    used 2464K, capacity 2531K, committed 2560K, reserved 1048576K
}
Event: 186.676 GC heap after
{Heap after GC invocations=13 (full 0):
 garbage-first heap   total 55296K, used 11752K [0x0000000701c00000, 0x0000000800000000)
  region size 2048K, 1 young (2048K), 1 survivors (2048K)
 Metaspace       used 25890K, capacity 26141K, committed 26368K, reserved 1073152K
  class space    used 2464K, capacity 2531K, committed 2560K, reserved 1048576K
}

Deoptimization events (20 events):
Event: 136.295 Thread 0x0000013b50eab240 DEOPT PACKING pc=0x0000013b3ce6b28c sp=0x0000000e96dfd6c0
Event: 136.295 Thread 0x0000013b50eab240 DEOPT UNPACKING pc=0x0000013b350de42f sp=0x0000000e96dfd668 mode 2
Event: 144.386 Thread 0x0000013b50eab240 Uncommon trap: trap_request=0xffffff45 fr.pc=0x0000013b3ce71194 relative=0x0000000000003c34
Event: 144.386 Thread 0x0000013b50eab240 Uncommon trap: reason=unstable_if action=reinterpret pc=0x0000013b3ce71194 method=jdk.internal.math.FloatingDecimal$BinaryToASCIIBuffer.dtoa(IJIZ)V @ 1259 c2
Event: 144.386 Thread 0x0000013b50eab240 DEOPT PACKING pc=0x0000013b3ce71194 sp=0x0000000e96dfd750
Event: 144.386 Thread 0x0000013b50eab240 DEOPT UNPACKING pc=0x0000013b350de42f sp=0x0000000e96dfd660 mode 2
Event: 160.851 Thread 0x0000013b50eab240 Uncommon trap: trap_request=0xffffff66 fr.pc=0x0000013b3ce01efc relative=0x000000000000057c
Event: 160.851 Thread 0x0000013b50eab240 Uncommon trap: reason=speculate_class_check action=maybe_recompile pc=0x0000013b3ce01efc method=smile.math.matrix.Matrix.mm(Lsmile/math/blas/Transpose;Lsmile/math/blas/Transpose;DLsmile/math/matrix/Matrix;DLsmile/math/matrix/Matrix;)V @ 208 c2
Event: 160.851 Thread 0x0000013b50eab240 DEOPT PACKING pc=0x0000013b3ce01efc sp=0x0000000e96dfde60
Event: 160.851 Thread 0x0000013b50eab240 DEOPT UNPACKING pc=0x0000013b350de42f sp=0x0000000e96dfdd98 mode 2
Event: 160.851 Thread 0x0000013b50eab240 Uncommon trap: trap_request=0xffffff66 fr.pc=0x0000013b3ce355b0 relative=0x0000000000000270
Event: 160.851 Thread 0x0000013b50eab240 Uncommon trap: reason=speculate_class_check action=maybe_recompile pc=0x0000013b3ce355b0 method=smile.math.matrix.Matrix.mm(Lsmile/math/blas/Transpose;Lsmile/math/blas/Transpose;DLsmile/math/matrix/Matrix;DLsmile/math/matrix/Matrix;)V @ 208 c2
Event: 160.851 Thread 0x0000013b50eab240 DEOPT PACKING pc=0x0000013b3ce355b0 sp=0x0000000e96dfdda0
Event: 160.851 Thread 0x0000013b50eab240 DEOPT UNPACKING pc=0x0000013b350de42f sp=0x0000000e96dfdda0 mode 2
Event: 160.851 Thread 0x0000013b50eab240 Uncommon trap: trap_request=0xffffff66 fr.pc=0x0000013b3ce355b0 relative=0x0000000000000270
Event: 160.851 Thread 0x0000013b50eab240 Uncommon trap: reason=speculate_class_check action=maybe_recompile pc=0x0000013b3ce355b0 method=smile.math.matrix.Matrix.mm(Lsmile/math/blas/Transpose;Lsmile/math/blas/Transpose;DLsmile/math/matrix/Matrix;DLsmile/math/matrix/Matrix;)V @ 208 c2
Event: 160.851 Thread 0x0000013b50eab240 DEOPT PACKING pc=0x0000013b3ce355b0 sp=0x0000000e96dfdd20
Event: 160.851 Thread 0x0000013b50eab240 DEOPT UNPACKING pc=0x0000013b350de42f sp=0x0000000e96dfdcd8 mode 2
Event: 187.206 Thread 0x0000013b50eac0b0 DEOPT PACKING pc=0x0000013b36028701 sp=0x0000000e96bfe3a0
Event: 187.206 Thread 0x0000013b50eac0b0 DEOPT UNPACKING pc=0x0000013b350de23f sp=0x0000000e96bfd7b8 mode 0

Classes unloaded (0 events):
No events

Classes redefined (0 events):
No events

Internal exceptions (20 events):
Event: 10.114 Thread 0x0000013b50eab240 Exception <a 'sun/nio/fs/WindowsException'{0x00000007045dcc38}> (0x00000007045dcc38) 
thrown [./open/src/hotspot/share/prims/jni.cpp, line 578]
Event: 10.114 Thread 0x0000013b50eab240 Exception <a 'sun/nio/fs/WindowsException'{0x00000007045de260}> (0x00000007045de260) 
thrown [./open/src/hotspot/share/prims/jni.cpp, line 578]
Event: 10.114 Thread 0x0000013b50eab240 Exception <a 'sun/nio/fs/WindowsException'{0x00000007045de290}> (0x00000007045de290) 
thrown [./open/src/hotspot/share/prims/jni.cpp, line 578]
Event: 10.115 Thread 0x0000013b50eab240 Exception <a 'sun/nio/fs/WindowsException'{0x00000007045df898}> (0x00000007045df898) 
thrown [./open/src/hotspot/share/prims/jni.cpp, line 578]
Event: 10.115 Thread 0x0000013b50eab240 Exception <a 'sun/nio/fs/WindowsException'{0x00000007045df8c8}> (0x00000007045df8c8) 
thrown [./open/src/hotspot/share/prims/jni.cpp, line 578]
Event: 10.115 Thread 0x0000013b50eab240 Exception <a 'sun/nio/fs/WindowsException'{0x00000007045e0eb8}> (0x00000007045e0eb8) 
thrown [./open/src/hotspot/share/prims/jni.cpp, line 578]
Event: 10.115 Thread 0x0000013b50eab240 Exception <a 'sun/nio/fs/WindowsException'{0x00000007045e0ee8}> (0x00000007045e0ee8) 
thrown [./open/src/hotspot/share/prims/jni.cpp, line 578]
Event: 10.116 Thread 0x0000013b50eab240 Exception <a 'sun/nio/fs/WindowsException'{0x00000007045e2558}> (0x00000007045e2558) 
thrown [./open/src/hotspot/share/prims/jni.cpp, line 578]
Event: 10.116 Thread 0x0000013b50eab240 Exception <a 'sun/nio/fs/WindowsException'{0x00000007045e2588}> (0x00000007045e2588) 
thrown [./open/src/hotspot/share/prims/jni.cpp, line 578]
Event: 10.116 Thread 0x0000013b50eab240 Exception <a 'sun/nio/fs/WindowsException'{0x00000007045e3a30}> (0x00000007045e3a30) 
thrown [./open/src/hotspot/share/prims/jni.cpp, line 578]
Event: 10.116 Thread 0x0000013b50eab240 Exception <a 'sun/nio/fs/WindowsException'{0x00000007045e3a60}> (0x00000007045e3a60) 
thrown [./open/src/hotspot/share/prims/jni.cpp, line 578]
Event: 10.117 Thread 0x0000013b50eab240 Exception <a 'sun/nio/fs/WindowsException'{0x00000007045e4f50}> (0x00000007045e4f50) 
thrown [./open/src/hotspot/share/prims/jni.cpp, line 578]
Event: 10.117 Thread 0x0000013b50eab240 Exception <a 'sun/nio/fs/WindowsException'{0x00000007045e4f80}> (0x00000007045e4f80) 
thrown [./open/src/hotspot/share/prims/jni.cpp, line 578]
Event: 10.118 Thread 0x0000013b50eab240 Exception <a 'sun/nio/fs/WindowsException'{0x00000007045e6428}> (0x00000007045e6428) 
thrown [./open/src/hotspot/share/prims/jni.cpp, line 578]
Event: 10.118 Thread 0x0000013b50eab240 Exception <a 'sun/nio/fs/WindowsException'{0x00000007045e6458}> (0x00000007045e6458) 
thrown [./open/src/hotspot/share/prims/jni.cpp, line 578]
Event: 10.118 Thread 0x0000013b50eab240 Exception <a 'sun/nio/fs/WindowsException'{0x00000007045e7900}> (0x00000007045e7900) 
thrown [./open/src/hotspot/share/prims/jni.cpp, line 578]
Event: 10.118 Thread 0x0000013b50eab240 Exception <a 'sun/nio/fs/WindowsException'{0x00000007045e7930}> (0x00000007045e7930) 
thrown [./open/src/hotspot/share/prims/jni.cpp, line 578]
Event: 10.119 Thread 0x0000013b50eab240 Exception <a 'sun/nio/fs/WindowsException'{0x00000007045e8dd8}> (0x00000007045e8dd8) 
thrown [./open/src/hotspot/share/prims/jni.cpp, line 578]
Event: 10.119 Thread 0x0000013b50eab240 Exception <a 'sun/nio/fs/WindowsException'{0x00000007045e8e08}> (0x00000007045e8e08) 
thrown [./open/src/hotspot/share/prims/jni.cpp, line 578]
Event: 18.155 Thread 0x0000013b50eab240 Implicit null exception at 0x0000013b3cd4f420 to 0x0000013b3cd4f790

Events (20 events):
Event: 161.211 Executing VM operation: HandshakeAllThreads
Event: 161.212 Executing VM operation: HandshakeAllThreads done
Event: 162.212 Executing VM operation: HandshakeAllThreads
Event: 162.212 Executing VM operation: HandshakeAllThreads done
Event: 162.455 Thread 0x0000013b59d718e0 Thread added: 0x0000013b59d718e0
Event: 163.212 Executing VM operation: HandshakeAllThreads
Event: 163.212 Executing VM operation: HandshakeAllThreads done
Event: 167.471 Thread 0x0000013b59d718e0 Thread exited: 0x0000013b59d718e0
Event: 184.223 Executing VM operation: HandshakeAllThreads
Event: 184.223 Executing VM operation: HandshakeAllThreads done
Event: 186.224 Executing VM operation: HandshakeAllThreads
Event: 186.224 Executing VM operation: HandshakeAllThreads done
Event: 186.675 Executing VM operation: G1CollectForAllocation
Event: 186.676 Executing VM operation: G1CollectForAllocation done
Event: 186.676 Executing VM operation: HandshakeAllThreads
Event: 186.676 Executing VM operation: HandshakeAllThreads done
Event: 189.580 Thread 0x0000013b59d718e0 Thread added: 0x0000013b59d718e0
Event: 189.678 Executing VM operation: HandshakeAllThreads
Event: 189.678 Executing VM operation: HandshakeAllThreads done
Event: 190.043 Thread 0x0000013b59d718e0 Thread exited: 0x0000013b59d718e0


Dynamic libraries:
0x00007ff7bae50000 - 0x00007ff7bae5d000 	C:\Users\Admin\.jdks\openjdk-15.0.2\bin\java.exe
0x00007ff9decd0000 - 0x00007ff9deebd000 	C:\Windows\SYSTEM32\ntdll.dll
0x00007ff9c7810000 - 0x00007ff9c7823000 	C:\Program Files\AVAST Software\Avast\aswhook.dll
0x00007ff9dd3f0000 - 0x00007ff9dd4a3000 	C:\Windows\System32\KERNEL32.DLL
0x00007ff9dbc60000 - 0x00007ff9dbef5000 	C:\Windows\System32\KERNELBASE.dll
0x00007ff9dbb10000 - 0x00007ff9dbc0a000 	C:\Windows\System32\ucrtbase.dll
0x00007ff9c5c90000 - 0x00007ff9c5ca9000 	C:\Users\Admin\.jdks\openjdk-15.0.2\bin\VCRUNTIME140.dll
0x00007ff9cd110000 - 0x00007ff9cd128000 	C:\Users\Admin\.jdks\openjdk-15.0.2\bin\jli.dll
0x00007ff9dc760000 - 0x00007ff9dc8f7000 	C:\Windows\System32\USER32.dll
0x00007ff9daf30000 - 0x00007ff9daf50000 	C:\Windows\System32\win32u.dll
0x00007ff9caa00000 - 0x00007ff9cac79000 	C:\Windows\WinSxS\amd64_microsoft.windows.common-controls_6595b64144ccf1df_6.0.17763.1935_none_de70702c534c0c76\COMCTL32.dll
0x00007ff9dc970000 - 0x00007ff9dc999000 	C:\Windows\System32\GDI32.dll
0x00007ff9dd000000 - 0x00007ff9dd09e000 	C:\Windows\System32\msvcrt.dll
0x00007ff9dad90000 - 0x00007ff9daf2c000 	C:\Windows\System32\gdi32full.dll
0x00007ff9dcc00000 - 0x00007ff9dcf2d000 	C:\Windows\System32\combase.dll
0x00007ff9daf50000 - 0x00007ff9daff0000 	C:\Windows\System32\msvcp_win.dll
0x00007ff9dd2c0000 - 0x00007ff9dd3df000 	C:\Windows\System32\RPCRT4.dll
0x00007ff9dba90000 - 0x00007ff9dbb0f000 	C:\Windows\System32\bcryptPrimitives.dll
0x00007ff9dc730000 - 0x00007ff9dc75e000 	C:\Windows\System32\IMM32.DLL
0x00007ff9d6440000 - 0x00007ff9d644c000 	C:\Users\Admin\.jdks\openjdk-15.0.2\bin\vcruntime140_1.dll
0x00007ff9befd0000 - 0x00007ff9bf061000 	C:\Users\Admin\.jdks\openjdk-15.0.2\bin\msvcp140.dll
0x00007ff988a50000 - 0x00007ff9895ae000 	C:\Users\Admin\.jdks\openjdk-15.0.2\bin\server\jvm.dll
0x00007ff9dd0a0000 - 0x00007ff9dd143000 	C:\Windows\System32\ADVAPI32.dll
0x00007ff9dcb60000 - 0x00007ff9dcbfe000 	C:\Windows\System32\sechost.dll
0x00007ff9de9b0000 - 0x00007ff9de9b8000 	C:\Windows\System32\PSAPI.DLL
0x00007ff9c4af0000 - 0x00007ff9c4af9000 	C:\Windows\SYSTEM32\WSOCK32.dll
0x00007ff9d8980000 - 0x00007ff9d89a4000 	C:\Windows\SYSTEM32\WINMM.dll
0x00007ff9d56b0000 - 0x00007ff9d56ba000 	C:\Windows\SYSTEM32\VERSION.dll
0x00007ff9dc900000 - 0x00007ff9dc96d000 	C:\Windows\System32\WS2_32.dll
0x00007ff9d8860000 - 0x00007ff9d888d000 	C:\Windows\SYSTEM32\WINMMBASE.dll
0x00007ff9dbc10000 - 0x00007ff9dbc5a000 	C:\Windows\System32\cfgmgr32.dll
0x00007ff9dacc0000 - 0x00007ff9dacd1000 	C:\Windows\System32\kernel.appcore.dll
0x00007ff9cd100000 - 0x00007ff9cd10a000 	C:\Users\Admin\.jdks\openjdk-15.0.2\bin\jimage.dll
0x00007ff9cf680000 - 0x00007ff9cf86d000 	C:\Windows\SYSTEM32\DBGHELP.DLL
0x00007ff9cf570000 - 0x00007ff9cf59a000 	C:\Windows\SYSTEM32\dbgcore.DLL
0x00007ff9d6850000 - 0x00007ff9d685e000 	C:\Users\Admin\.jdks\openjdk-15.0.2\bin\instrument.dll
0x00007ff9c2750000 - 0x00007ff9c2775000 	C:\Users\Admin\.jdks\openjdk-15.0.2\bin\java.dll
0x00007ff9dd4b0000 - 0x00007ff9de9a9000 	C:\Windows\System32\SHELL32.dll
0x00007ff9dbf20000 - 0x00007ff9dbfc8000 	C:\Windows\System32\shcore.dll
0x00007ff9db2e0000 - 0x00007ff9dba2b000 	C:\Windows\System32\windows.storage.dll
0x00007ff9dad60000 - 0x00007ff9dad84000 	C:\Windows\System32\profapi.dll
0x00007ff9dace0000 - 0x00007ff9dad3d000 	C:\Windows\System32\powrprof.dll
0x00007ff9dc050000 - 0x00007ff9dc0a2000 	C:\Windows\System32\shlwapi.dll
0x00007ff9db2c0000 - 0x00007ff9db2d7000 	C:\Windows\System32\cryptsp.dll
0x00007ff9c23c0000 - 0x00007ff9c23d8000 	C:\Users\Admin\.jdks\openjdk-15.0.2\bin\zip.dll
0x00007ff9c5c70000 - 0x00007ff9c5c89000 	C:\Users\Admin\.jdks\openjdk-15.0.2\bin\net.dll
0x00007ff9d64d0000 - 0x00007ff9d65cb000 	C:\Windows\SYSTEM32\WINHTTP.dll
0x00007ff9da500000 - 0x00007ff9da567000 	C:\Windows\system32\mswsock.dll
0x00007ff9c23e0000 - 0x00007ff9c23f2000 	C:\Users\Admin\.jdks\openjdk-15.0.2\bin\nio.dll
0x00007ff9d54b0000 - 0x00007ff9d54ca000 	C:\Program Files\JetBrains\IntelliJ IDEA Community Edition 2020.2.1\bin\breakgen64.dll
0x0000013b2ce20000 - 0x0000013b2ce23000 	C:\Users\Admin\.jdks\openjdk-15.0.2\bin\api-ms-win-core-console-l1-1-0.dll
0x0000013b51a60000 - 0x0000013b51a63000 	C:\Users\Admin\.jdks\openjdk-15.0.2\bin\api-ms-win-core-datetime-l1-1-0.dll
0x0000013b51a70000 - 0x0000013b51a73000 	C:\Users\Admin\.jdks\openjdk-15.0.2\bin\api-ms-win-core-debug-l1-1-0.dll
0x0000013b51a80000 - 0x0000013b51a83000 	C:\Users\Admin\.jdks\openjdk-15.0.2\bin\api-ms-win-core-errorhandling-l1-1-0.dll
0x0000013b51a90000 - 0x0000013b51a94000 	C:\Users\Admin\.jdks\openjdk-15.0.2\bin\api-ms-win-core-file-l1-1-0.dll
0x0000013b51aa0000 - 0x0000013b51aa3000 	C:\Users\Admin\.jdks\openjdk-15.0.2\bin\api-ms-win-core-file-l1-2-0.dll
0x0000013b51ab0000 - 0x0000013b51ab3000 	C:\Users\Admin\.jdks\openjdk-15.0.2\bin\api-ms-win-core-file-l2-1-0.dll
0x0000013b51ac0000 - 0x0000013b51ac3000 	C:\Users\Admin\.jdks\openjdk-15.0.2\bin\api-ms-win-core-handle-l1-1-0.dll
0x0000013b51ad0000 - 0x0000013b51ad3000 	C:\Users\Admin\.jdks\openjdk-15.0.2\bin\api-ms-win-core-heap-l1-1-0.dll
0x0000013b51ae0000 - 0x0000013b51ae3000 	C:\Users\Admin\.jdks\openjdk-15.0.2\bin\api-ms-win-core-interlocked-l1-1-0.dll
0x0000013b51af0000 - 0x0000013b51af3000 	C:\Users\Admin\.jdks\openjdk-15.0.2\bin\api-ms-win-core-libraryloader-l1-1-0.dll
0x0000013b51b00000 - 0x0000013b51b03000 	C:\Users\Admin\.jdks\openjdk-15.0.2\bin\api-ms-win-core-localization-l1-2-0.dll
0x0000013b51b10000 - 0x0000013b51b13000 	C:\Users\Admin\.jdks\openjdk-15.0.2\bin\api-ms-win-core-memory-l1-1-0.dll
0x0000013b51b20000 - 0x0000013b51b23000 	C:\Users\Admin\.jdks\openjdk-15.0.2\bin\api-ms-win-core-namedpipe-l1-1-0.dll
0x0000013b51b30000 - 0x0000013b51b33000 	C:\Users\Admin\.jdks\openjdk-15.0.2\bin\api-ms-win-core-processenvironment-l1-1-0.dll
0x0000013b51b40000 - 0x0000013b51b43000 	C:\Users\Admin\.jdks\openjdk-15.0.2\bin\api-ms-win-core-processthreads-l1-1-0.dll
0x0000013b51b50000 - 0x0000013b51b53000 	C:\Users\Admin\.jdks\openjdk-15.0.2\bin\api-ms-win-core-processthreads-l1-1-1.dll
0x0000013b51b60000 - 0x0000013b51b63000 	C:\Users\Admin\.jdks\openjdk-15.0.2\bin\api-ms-win-core-profile-l1-1-0.dll
0x0000013b51b70000 - 0x0000013b51b73000 	C:\Users\Admin\.jdks\openjdk-15.0.2\bin\api-ms-win-core-rtlsupport-l1-1-0.dll
0x0000013b51b80000 - 0x0000013b51b83000 	C:\Users\Admin\.jdks\openjdk-15.0.2\bin\api-ms-win-core-string-l1-1-0.dll
0x0000013b51b90000 - 0x0000013b51b93000 	C:\Users\Admin\.jdks\openjdk-15.0.2\bin\api-ms-win-core-synch-l1-1-0.dll
0x0000013b51ba0000 - 0x0000013b51ba3000 	C:\Users\Admin\.jdks\openjdk-15.0.2\bin\api-ms-win-core-synch-l1-2-0.dll
0x0000013b51bb0000 - 0x0000013b51bb3000 	C:\Users\Admin\.jdks\openjdk-15.0.2\bin\api-ms-win-core-sysinfo-l1-1-0.dll
0x0000013b51bc0000 - 0x0000013b51bc3000 	C:\Users\Admin\.jdks\openjdk-15.0.2\bin\api-ms-win-core-timezone-l1-1-0.dll
0x0000013b51bd0000 - 0x0000013b51bd3000 	C:\Users\Admin\.jdks\openjdk-15.0.2\bin\api-ms-win-core-util-l1-1-0.dll
0x0000013b51be0000 - 0x0000013b51be3000 	C:\Users\Admin\.jdks\openjdk-15.0.2\bin\api-ms-win-crt-conio-l1-1-0.dll
0x0000013b51bf0000 - 0x0000013b51bf4000 	C:\Users\Admin\.jdks\openjdk-15.0.2\bin\api-ms-win-crt-convert-l1-1-0.dll
0x0000013b51c00000 - 0x0000013b51c03000 	C:\Users\Admin\.jdks\openjdk-15.0.2\bin\api-ms-win-crt-environment-l1-1-0.dll
0x0000013b51c10000 - 0x0000013b51c13000 	C:\Users\Admin\.jdks\openjdk-15.0.2\bin\api-ms-win-crt-filesystem-l1-1-0.dll
0x0000013b51c20000 - 0x0000013b51c23000 	C:\Users\Admin\.jdks\openjdk-15.0.2\bin\api-ms-win-crt-heap-l1-1-0.dll
0x0000013b51c30000 - 0x0000013b51c33000 	C:\Users\Admin\.jdks\openjdk-15.0.2\bin\api-ms-win-crt-locale-l1-1-0.dll
0x0000013b51c40000 - 0x0000013b51c45000 	C:\Users\Admin\.jdks\openjdk-15.0.2\bin\api-ms-win-crt-math-l1-1-0.dll
0x0000013b51c50000 - 0x0000013b51c55000 	C:\Users\Admin\.jdks\openjdk-15.0.2\bin\api-ms-win-crt-multibyte-l1-1-0.dll
0x0000013b51c60000 - 0x0000013b51c70000 	C:\Users\Admin\.jdks\openjdk-15.0.2\bin\api-ms-win-crt-private-l1-1-0.dll
0x0000013b51c70000 - 0x0000013b51c73000 	C:\Users\Admin\.jdks\openjdk-15.0.2\bin\api-ms-win-crt-process-l1-1-0.dll
0x0000013b51c80000 - 0x0000013b51c84000 	C:\Users\Admin\.jdks\openjdk-15.0.2\bin\api-ms-win-crt-runtime-l1-1-0.dll
0x0000013b51c90000 - 0x0000013b51c94000 	C:\Users\Admin\.jdks\openjdk-15.0.2\bin\api-ms-win-crt-stdio-l1-1-0.dll
0x0000013b51ca0000 - 0x0000013b51ca4000 	C:\Users\Admin\.jdks\openjdk-15.0.2\bin\api-ms-win-crt-string-l1-1-0.dll
0x0000013b51cb0000 - 0x0000013b51cb3000 	C:\Users\Admin\.jdks\openjdk-15.0.2\bin\api-ms-win-crt-time-l1-1-0.dll
0x0000013b51cc0000 - 0x0000013b51cc3000 	C:\Users\Admin\.jdks\openjdk-15.0.2\bin\api-ms-win-crt-utility-l1-1-0.dll
0x00007ff9aed00000 - 0x00007ff9aedfa000 	C:\Users\Admin\.jdks\openjdk-15.0.2\bin\ucrtbase.dll
0x00007ff9c8be0000 - 0x00007ff9c8c2d000 	C:\Windows\System32\concrt140.dll
0x00007ff9d5480000 - 0x00007ff9d54a3000 	C:\Users\Admin\.openjfx\cache\11.0.2\prism_d3d.dll
0x00007ff9cd140000 - 0x00007ff9cd2de000 	C:\Windows\system32\d3d9.dll
0x00007ff9d9330000 - 0x00007ff9d935e000 	C:\Windows\SYSTEM32\dwmapi.dll
0x00007ff9db0d0000 - 0x00007ff9db2b3000 	C:\Windows\System32\CRYPT32.dll
0x00007ff9dad40000 - 0x00007ff9dad52000 	C:\Windows\System32\MSASN1.dll
0x00007ff9d9240000 - 0x00007ff9d92dc000 	C:\Windows\system32\uxtheme.dll
0x00007ff9907b0000 - 0x00007ff990971000 	C:\Windows\System32\DriverStore\FileRepository\iigd_dch.inf_amd64_80015a254d8344e6\igdumdim64.dll
0x00007ff9d28b0000 - 0x00007ff9d29ca000 	C:\Windows\System32\DriverStore\FileRepository\iigd_dch.inf_amd64_80015a254d8344e6\igdgmm64.dll
0x00007ff9bef80000 - 0x00007ff9befc5000 	C:\Users\Admin\.openjfx\cache\11.0.2\glass.dll
0x00007ff9deb70000 - 0x00007ff9dec97000 	C:\Windows\System32\COMDLG32.dll
0x00007ff9dca00000 - 0x00007ff9dcb56000 	C:\Windows\System32\ole32.dll
0x00007ff9dcf30000 - 0x00007ff9dcff4000 	C:\Windows\System32\OLEAUT32.dll
0x00007ff9dc0b0000 - 0x00007ff9dc21b000 	C:\Windows\System32\MSCTF.dll
0x00007ff9a8170000 - 0x00007ff9a8259000 	C:\Program Files (x86)\Stardock\Fences\FencesMenu64.dll
0x00007ff9d76f0000 - 0x00007ff9d7703000 	C:\Windows\SYSTEM32\WTSAPI32.dll
0x00007ff9c4620000 - 0x00007ff9c47c7000 	C:\Windows\WinSxS\amd64_microsoft.windows.gdiplus_6595b64144ccf1df_1.1.17763.1935_none_0f5b6311adde8644\gdiplus.dll
0x00007ff9dabc0000 - 0x00007ff9dabe9000 	C:\Windows\SYSTEM32\USERENV.dll
0x00007ff98b080000 - 0x00007ff98e8f8000 	C:\Windows\System32\DriverStore\FileRepository\iigd_dch.inf_amd64_80015a254d8344e6\igd9dxva64.dll
0x00007ff9b1820000 - 0x00007ff9b1841000 	C:\Windows\System32\DriverStore\FileRepository\iigd_dch.inf_amd64_80015a254d8344e6\igdinfo64.dll
0x00007ff9cf940000 - 0x00007ff9d18e7000 	C:\Windows\System32\DriverStore\FileRepository\iigd_dch.inf_amd64_80015a254d8344e6\igc64.dll
0x00007ff9c39b0000 - 0x00007ff9c39c4000 	C:\Users\Admin\.openjfx\cache\11.0.2\javafx_font.dll
0x00007ff9bd490000 - 0x00007ff9bd78c000 	C:\Windows\SYSTEM32\dwrite.dll
0x00007ff9dd150000 - 0x00007ff9dd1f2000 	C:\Windows\System32\clbcatq.dll
0x00007ff9d5800000 - 0x00007ff9d59b8000 	C:\Windows\SYSTEM32\WindowsCodecs.dll
0x00007ff9c9000000 - 0x00007ff9c9057000 	C:\Windows\system32\dataexchange.dll
0x00007ff9d7e50000 - 0x00007ff9d80ce000 	C:\Windows\system32\d3d11.dll
0x00007ff9d8690000 - 0x00007ff9d8853000 	C:\Windows\system32\dcomp.dll
0x00007ff9d99c0000 - 0x00007ff9d9a82000 	C:\Windows\system32\dxgi.dll
0x00007ff9d9360000 - 0x00007ff9d956c000 	C:\Windows\system32\twinapi.appcore.dll
0x00007ff9d9570000 - 0x00007ff9d9598000 	C:\Windows\system32\RMCLIENT.dll
0x00007ff9beed0000 - 0x00007ff9bef03000 	C:\Program Files\Common Files\Microsoft Shared\Ink\rtscom.dll
0x00007ff9c3f00000 - 0x00007ff9c3f94000 	C:\Windows\System32\TextInputFramework.dll
0x00007ff9d5db0000 - 0x00007ff9d60d2000 	C:\Windows\System32\CoreUIComponents.dll
0x00007ff9d8890000 - 0x00007ff9d8971000 	C:\Windows\System32\CoreMessaging.dll
0x00007ff9d9d10000 - 0x00007ff9d9d41000 	C:\Windows\SYSTEM32\ntmarta.dll
0x00007ff9d6d30000 - 0x00007ff9d6e81000 	C:\Windows\SYSTEM32\wintypes.dll

dbghelp: loaded successfully - version: 4.0.5 - missing functions: none
symbol engine: initialized successfully - sym options: 0x614 - pdb path: .;C:\Users\Admin\.jdks\openjdk-15.0.2\bin;C:\Windows\SYSTEM32;C:\Program Files\AVAST Software\Avast;C:\Windows\WinSxS\amd64_microsoft.windows.common-controls_6595b64144ccf1df_6.0.17763.1935_none_de70702c534c0c76;C:\Users\Admin\.jdks\openjdk-15.0.2\bin\server;C:\Program Files\JetBrains\IntelliJ IDEA Community Edition 2020.2.1\bin;C:\Users\Admin\.openjfx\cache\11.0.2;C:\Windows\System32\DriverStore\FileRepository\iigd_dch.inf_amd64_80015a254d8344e6;C:\Program Files (x86)\Stardock\Fences;C:\Windows\WinSxS\amd64_microsoft.windows.gdiplus_6595b64144ccf1df_1.1.17763.1935_none_0f5b6311adde8644;C:\Program Files\Common Files\Microsoft Shared\Ink;C:\Users\Admin\.javacpp\cache\javacpp-1.5.3-windows-x86_64.jar\org\bytedeco\javacpp\windows-x86_64;C:\Users\Admin\.javacpp\cache\openblas-0.3.9-1.5.3-windows-x86_64.jar\org\bytedeco\openblas\windows-x86_64

VM Arguments:
jvm_args: -javaagent:C:\Program Files\JetBrains\IntelliJ IDEA Community Edition 2020.2.1\lib\idea_rt.jar=51975:C:\Program Files\JetBrains\IntelliJ IDEA Community Edition 2020.2.1\bin -Dfile.encoding=UTF-8 
java_command: org.tornadofx.MainKt
java_class_path (initial): C:\Users\Admin\IdeaProjects\KotlinMLGraph\target\classes;C:\Users\Admin\.m2\repository\org\jetbrains\kotlin\kotlin-stdlib\1.3.72\kotlin-stdlib-1.3.72.jar;C:\Users\Admin\.m2\repository\org\jetbrains\kotlin\kotlin-stdlib-common\1.3.72\kotlin-stdlib-common-1.3.72.jar;C:\Users\Admin\.m2\repository\org\jetbrains\annotations\13.0\annotations-13.0.jar;C:\Users\Admin\.m2\repository\org\openjfx\javafx-base\11.0.2\javafx-base-11.0.2.jar;C:\Users\Admin\.m2\repository\org\openjfx\javafx-base\11.0.2\javafx-base-11.0.2-win.jar;C:\Users\Admin\.m2\repository\org\openjfx\javafx-controls\11.0.2\javafx-controls-11.0.2.jar;C:\Users\Admin\.m2\repository\org\openjfx\javafx-controls\11.0.2\javafx-controls-11.0.2-win.jar;C:\Users\Admin\.m2\repository\org\openjfx\javafx-graphics\11.0.2\javafx-graphics-11.0.2.jar;C:\Users\Admin\.m2\repository\org\openjfx\javafx-graphics\11.0.2\javafx-graphics-11.0.2-win.jar;C:\Users\Admin\.m2\repository\no\tornado\tornadofx\1.7.20\tornadofx-1.7.20.jar;C:\Users\Admin\.m2\repository\org\glassfish\javax.json\1.1.2\javax.json-1.1.2.jar;C:\Users\Admin\.m2\repository\javax\json\javax.json-api\1.1.2\javax.json-api-1.1.2.jar;C:\Users\Admin\.m2\repository\org\jetbrains\kotlin\kotlin-stdlib-jdk8\1.3.61\kotlin-stdlib-jdk8-1.3.61.jar;C:\Users\Admin\.m2\repository\org\jetbrains\kotlin\kotlin-stdlib-jdk7\1.3.61\kotlin-stdlib-jdk7-1.3.61.jar;C:\Users\Admin\.m2\repository\org\jetbrains\kotlin\kotlin-reflect\1.3.61\kotlin-reflect-1.3.61.jar;C:\Users\Admin\.m2\repository\com\github\haifengl\smile-core\2.5.0\smile-core-2.5.0.jar;C:\Users\Admin\.m2\repository\com\github\haifengl\smile-data\2.5.0\smile-data-2.5.0.jar;C:\Users\Admin\.m2\repository\com\github\haifengl\smile-math\2.5.0\smile-math-2.5.0.jar;C:\Users\Admin\.m2\repository\org\bytedeco\arpack-ng\3.7.0-1.5.3\arpack-ng-3.7.0-1.5.3.jar;C:\Users\Admin\.m2\repository\org\bytedeco\openblas\0.3.9-1.5.3\openblas-0.3.9-1.5.3.jar;C:\Users\Admin\.m2\repository\org\bytedeco\javacpp\1.5.3\javacpp-1.5.3.
Launcher Type: SUN_STANDARD

[Global flags]
     intx CICompilerCount                          = 4                                         {product} {ergonomic}
     uint ConcGCThreads                            = 2                                         {product} {ergonomic}
     uint G1ConcRefinementThreads                  = 8                                         {product} {ergonomic}
   size_t G1HeapRegionSize                         = 2097152                                   {product} {ergonomic}
    uintx GCDrainStackTargetSize                   = 64                                        {product} {ergonomic}
   size_t InitialHeapSize                          = 268435456                                 {product} {ergonomic}
   size_t MarkStackSize                            = 4194304                                   {product} {ergonomic}
   size_t MaxHeapSize                              = 4265607168                                {product} {ergonomic}
   size_t MaxNewSize                               = 2558525440                                {product} {ergonomic}
   size_t MinHeapDeltaBytes                        = 2097152                                   {product} {ergonomic}
   size_t MinHeapSize                              = 8388608                                   {product} {ergonomic}
    uintx NonNMethodCodeHeapSize                   = 5839372                                {pd product} {ergonomic}
    uintx NonProfiledCodeHeapSize                  = 122909434                              {pd product} {ergonomic}
    uintx ProfiledCodeHeapSize                     = 122909434                              {pd product} {ergonomic}
    uintx ReservedCodeCacheSize                    = 251658240                              {pd product} {ergonomic}
     bool SegmentedCodeCache                       = true                                      {product} {ergonomic}
   size_t SoftMaxHeapSize                          = 4265607168                             {manageable} {ergonomic}
     bool UseCompressedClassPointers               = true                                 {lp64_product} {ergonomic}
     bool UseCompressedOops                        = true                                 {lp64_product} {ergonomic}
     bool UseG1GC                                  = true                                      {product} {ergonomic}
     bool UseLargePagesIndividualAllocation        = false                                  {pd product} {ergonomic}

Logging:
Log output configuration:
 #0: stdout all=warning uptime,level,tags
 #1: stderr all=off uptime,level,tags

Environment Variables:
JAVA_HOME=C:\Program Files\Java\jdk-11.0.8
PATH=C:\Program Files (x86)\Common Files\Oracle\Java\javapath;C:\Program Files\Common Files\Oracle\Java\javapath;C:\ProgramData\Oracle\Java\javapath;C:\Windows\system32;C:\Windows;C:\Windows\System32\Wbem;C:\Windows\System32\WindowsPowerShell\v1.0\;C:\Windows\System32\OpenSSH\;C:\Program Files\Git\cmd;C:\Program Files\NVIDIA Corporation\NVIDIA NvDLISR;C:\Program Files\Java\jdk-11.0.8\bin;C:\Program Files (x86)\apache-maven-3.6.3\bin;C:\Program Files (x86)\Calibre2\;C:\Users\Admin\AppData\Local\Programs\Python\Python38-32\Scripts\;C:\Users\Admin\AppData\Local\Programs\Python\Python38-32\;C:\Users\Admin\AppData\Local\Microsoft\WindowsApps;;C:\Program Files\JetBrains\IntelliJ IDEA Community Edition 2020.2.1\bin;;C:\Program Files\JetBrains\PyCharm Community Edition 2020.2.3\bin;;C:\intelFPGA_lite\18.1\modelsim_ase\win32aloem
USERNAME=Admin
OS=Windows_NT
PROCESSOR_IDENTIFIER=Intel64 Family 6 Model 158 Stepping 10, GenuineIntel



---------------  S Y S T E M  ---------------

OS:
 Windows 10 , 64 bit Build 17763 (10.0.17763.1879)
OS uptime: 5 days 4:37 hours

CPU: total 8 (initial active 8) (4 cores per cpu, 2 threads per core) family 6 model 158 stepping 10 microcode 0xde, cmov, cx8, fxsr, mmx, sse, sse2, sse3, ssse3, sse4.1, sse4.2, popcnt, vzeroupper, avx, avx2, aes, clmul, erms, 3dnowpref, lzcnt, ht, tsc, tscinvbit, bmi1, bmi2, adx, fma, clflush, clflushopt

Memory: 4k page, system-wide physical 16264M (8641M free)
TotalPageFile size 18696M (AvailPageFile size 8389M)
current process WorkingSet (physical memory assigned to process): 200M, peak: 220M
current process commit charge ("private bytes"): 725M, peak: 758M

vm_info: OpenJDK 64-Bit Server VM (15.0.2+7-27) for windows-amd64 JRE (15.0.2+7-27), built on Dec  7 2020 20:02:38 by "mach5one" with unknown MS VC++:1925

END.
